[2019-11-14T08:31:24.333] [INFO] default - --------------------------- 开始编译 ---------------------------
[2019-11-14T08:31:24.335] [INFO] default - 程序运行目录: D:\work\地方两会
[2019-11-14T08:31:24.335] [INFO] default - 首次启动!
[2019-11-14T08:31:24.335] [INFO] default - 生成版本号: msghk8hji2l
[2019-11-14T08:31:24.347] [INFO] default - 清理资源文件夹: D:\work\地方两会\dist\static
[2019-11-14T08:31:24.347] [INFO] default - 文件夹不存在: D:\work\地方两会\dist\static
[2019-11-14T08:31:24.348] [INFO] default - 创建文件夹: D:\work\地方两会\dist\static
[2019-11-14T08:31:24.348] [INFO] default - 读取模板文件: C:\Users\PG\Documents\GitHub\PG\lib\index.html
[2019-11-14T08:31:24.348] [DEBUG] default - 读取网页标题: {TAG_14226_TAG}
[2019-11-14T08:31:24.348] [DEBUG] default - 处理页面源信息: [{"http-equiv":"content-type","content":"text/html; charset=UTF-8"},{"name":"viewport","content":"width=1200, user-scalable=no"},{"name":"format-detection","content":"telephone=no, email=no"},{"name":"apple-mobile-web-app-capable","content":"yes"},{"name":"apple-mobile-web-app-status-bar-style","content":"white"},{"name":"renderer","content":"webkit"},{"http-equiv":"X-UA-Compatible","content":"IE=edge,chrome=1"},{"name":"filetype","content":"1"},{"name":"publishedtype","content":"1"},{"name":"pagetype","content":"2"},{"name":"screen-orientation","content":"landscape"},{"name":"x5-orientation","content":"landscape"},{"name":"full-screen","content":"yes"},{"name":"x5-fullscreen","content":"true"},{"name":"browsermode","content":"application"},{"name":"x5-page-mode","content":"app"}]
[2019-11-14T08:31:24.349] [INFO] default - 开始处理模块: home
[2019-11-14T08:31:24.776] [INFO] default - 开始处理模块: swiperBox
[2019-11-14T08:31:24.776] [DEBUG] default - 使用文件缓存:D:\work\地方两会\owo_modules\d77621dedbe1e1d255b40e1ac924f5da.owo
[2019-11-14T08:31:24.794] [DEBUG] default - 缓存模板: swiperBoxhttps://owo.ink/public/9be49efe789907110ae4a89550a9f909.page
[2019-11-14T08:31:24.839] [DEBUG] default - 模块swiperBox处理用时: 64 毫秒!
[2019-11-14T08:31:24.840] [INFO] default - 开始处理模块: plateTitleBar
[2019-11-14T08:31:24.852] [DEBUG] default - 缓存模板: plateTitleBar./src/module/plateTitleBar.owo
[2019-11-14T08:31:24.853] [DEBUG] default - 模块plateTitleBar处理用时: 13 毫秒!
[2019-11-14T08:31:24.853] [DEBUG] default - 模块 plateTitleBar 因名称重复被重命名为 plateTitleBar-1
[2019-11-14T08:31:24.853] [INFO] default - 开始处理模块: plateTitleBar-1
[2019-11-14T08:31:24.853] [DEBUG] default - 使用缓存返回模板: plateTitleBar-1
[2019-11-14T08:31:24.854] [DEBUG] default - 模块plateTitleBar处理用时: 1 毫秒!
[2019-11-14T08:31:24.854] [INFO] default - 开始处理模块: list
[2019-11-14T08:31:24.862] [DEBUG] default - 缓存模板: list./src/module/list.owo
[2019-11-14T08:31:24.864] [DEBUG] default - 模块list处理用时: 10 毫秒!
[2019-11-14T08:31:24.864] [DEBUG] default - 模块 plateTitleBar 因名称重复被重命名为 plateTitleBar-2
[2019-11-14T08:31:24.865] [INFO] default - 开始处理模块: plateTitleBar-2
[2019-11-14T08:31:24.865] [DEBUG] default - 使用缓存返回模板: plateTitleBar-2
[2019-11-14T08:31:24.865] [DEBUG] default - 模块plateTitleBar处理用时: 1 毫秒!
[2019-11-14T08:31:24.866] [INFO] default - 开始处理模块: show
[2019-11-14T08:31:24.866] [DEBUG] default - 使用文件缓存:D:\work\地方两会\owo_modules\55a11cbb8857857fe7ebb62bf4b0a1b4.owo
[2019-11-14T08:31:24.869] [DEBUG] default - 缓存模板: showhttps://owo.ink/public/66e11c0a5d97fc9526b240e5f8ee63e9.page
[2019-11-14T08:31:24.870] [DEBUG] default - 模块show处理用时: 4 毫秒!
[2019-11-14T08:31:24.871] [DEBUG] default - 模块 plateTitleBar 因名称重复被重命名为 plateTitleBar-3
[2019-11-14T08:31:24.871] [INFO] default - 开始处理模块: plateTitleBar-3
[2019-11-14T08:31:24.871] [DEBUG] default - 使用缓存返回模板: plateTitleBar-3
[2019-11-14T08:31:24.872] [DEBUG] default - 模块plateTitleBar处理用时: 1 毫秒!
[2019-11-14T08:31:24.872] [DEBUG] default - 模块 plateTitleBar 因名称重复被重命名为 plateTitleBar-4
[2019-11-14T08:31:24.872] [INFO] default - 开始处理模块: plateTitleBar-4
[2019-11-14T08:31:24.872] [DEBUG] default - 使用缓存返回模板: plateTitleBar-4
[2019-11-14T08:31:24.873] [DEBUG] default - 模块plateTitleBar处理用时: 1 毫秒!
[2019-11-14T08:31:24.874] [DEBUG] default - 模块 plateTitleBar 因名称重复被重命名为 plateTitleBar-5
[2019-11-14T08:31:24.874] [INFO] default - 开始处理模块: plateTitleBar-5
[2019-11-14T08:31:24.874] [DEBUG] default - 使用缓存返回模板: plateTitleBar-5
[2019-11-14T08:31:24.876] [DEBUG] default - 模块plateTitleBar处理用时: 2 毫秒!
[2019-11-14T08:31:24.876] [DEBUG] default - 模块 show 因名称重复被重命名为 show-1
[2019-11-14T08:31:24.876] [INFO] default - 开始处理模块: show-1
[2019-11-14T08:31:24.876] [DEBUG] default - 使用缓存返回模板: show-1
[2019-11-14T08:31:24.877] [DEBUG] default - 模块show处理用时: 1 毫秒!
[2019-11-14T08:31:24.878] [INFO] default - 开始处理模块: copyright
[2019-11-14T08:31:24.878] [DEBUG] default - 使用文件缓存:D:\work\地方两会\owo_modules\f1c755dc9b1876462957d8e1ee0904a9.owo
[2019-11-14T08:31:24.881] [DEBUG] default - 缓存模板: copyrighthttps://owo.ink/public/af7930a60027587a63d8e526744f4ebc.page
[2019-11-14T08:31:24.882] [DEBUG] default - 模块copyright处理用时: 5 毫秒!
[2019-11-14T08:31:24.883] [DEBUG] default - 缓存模板: home./src/page/home.owo
[2019-11-14T08:31:24.902] [DEBUG] default - 页面home处理用时: 553 毫秒!
[2019-11-14T08:31:24.904] [INFO] default - 文件夹不存在: D:/work/地方两会/dist/static/resource
[2019-11-14T08:31:24.904] [INFO] default - 创建文件夹: D:/work/地方两会/dist/static/resource
[2019-11-14T08:31:24.906] [DEBUG] default - 处理资源:  [ 'D:/work/地方两会/src/resource/title.png',
  'D:/work/地方两会/src/resource/list-icon.png',
  'D:/work/地方两会/src/resource/title-bar.png',
  'D:/work/地方两会/src/resource/calendar.png',
  'D:/work/地方两会/src/resource/rolling-news.jpg',
  'D:/work/地方两会/src/resource/point.png',
  'D:/work/地方两会/src/resource/down.png',
  'D:/work/地方两会/src/resource/up.png' ]
[2019-11-14T08:31:24.907] [DEBUG] default - 资源目录:  D:/work/地方两会/dist/static/resource
[2019-11-14T08:31:24.909] [DEBUG] default - css中的资源处理完毕!
[2019-11-14T08:31:25.377] [DEBUG] default - 使用postcss处理样式，使用了1个插件!
[2019-11-14T08:31:25.428] [INFO] default - 文件夹不存在: D:\work\地方两会\dist\static\css
[2019-11-14T08:31:25.428] [INFO] default - 创建文件夹: D:\work\地方两会\dist\static\css
[2019-11-14T08:31:25.428] [INFO] default - 开始处理附属css中的资源
[2019-11-14T08:31:25.429] [INFO] default - 附属css中的资源处理完毕!
[2019-11-14T08:31:25.429] [INFO] default - 处理字体: {}
[2019-11-14T08:31:25.434] [INFO] default - 使用postcss处理完毕! 用时: 57 毫秒
[2019-11-14T08:31:25.435] [INFO] default - 判断css中的外链情况!
[2019-11-14T08:31:25.435] [DEBUG] default - 发现外链列表: '../resource/title.png','../resource/list-icon.png','../resource/title-bar.png','../resource/calendar.png','../resource/rolling-news.jpg','http://www.people.com.cn/NMediaFile/2019/1113/MAIN201911131050544300484849198.jpg','../resource/point.png','../resource/down.png','../resource/up.png'
[2019-11-14T08:31:25.436] [INFO] default - 正在处理script!
[2019-11-14T08:31:26.092] [INFO] default - 工程中只有一个页面!
[2019-11-14T08:31:26.093] [INFO] default - js中的资源处理完毕!
[2019-11-14T08:31:26.093] [DEBUG] default - 处理引用脚本: [{"name":"jquery1.11.0","src":"http://tools.people.com.cn/libs/jquery/1.11.1/jquery-1.11.1.min.js"},{"name":"idangerous.swiper2.7.0","src":"http://tools.people.com.cn/libs/swiper/2.0/idangerous.swiper.min.js"},{"name":"main","src":"./src/main.js","resource":true}]
[2019-11-14T08:31:26.093] [DEBUG] default - 外部脚本数量: 3
[2019-11-14T08:31:26.093] [DEBUG] default - 处理脚本: jquery1.11.0
[2019-11-14T08:31:26.093] [DEBUG] default - 网络脚本: jquery1.11.0
[2019-11-14T08:31:26.093] [DEBUG] default - 处理脚本: idangerous.swiper2.7.0
[2019-11-14T08:31:26.093] [DEBUG] default - 网络脚本: idangerous.swiper2.7.0
[2019-11-14T08:31:26.093] [DEBUG] default - 处理脚本: main
[2019-11-14T08:31:26.094] [INFO] default - 读取文件: D:\work\地方两会\src\main.js
[2019-11-14T08:31:26.094] [DEBUG] default - 输出scriptData
[2019-11-14T08:31:26.094] [DEBUG] default - 准备输出html!
[2019-11-14T08:31:26.095] [DEBUG] default - 处理资源:  [ 'D:/work/地方两会/src/resource/bg.jpg',
  'D:/work/地方两会/src/resource/swiper-previou.png',
  'D:/work/地方两会/src/resource/swiper-next.png',
  'D:/work/地方两会/src/resource/icon-1.png',
  'D:/work/地方两会/src/resource/icon-2.png',
  'D:/work/地方两会/src/resource/icon-4.png',
  'D:/work/地方两会/src/resource/icon-3.png',
  'D:/work/地方两会/src/resource/left-button.png',
  'D:/work/地方两会/src/resource/right-button.png',
  'D:/work/地方两会/src/resource/people-left-button.png',
  'D:/work/地方两会/src/resource/people-right-button.png',
  'D:/work/地方两会/src/resource/picture-left-button.png',
  'D:/work/地方两会/src/resource/picture-right-button.png' ]
[2019-11-14T08:31:26.095] [DEBUG] default - 资源目录:  D:/work/地方两会/dist/static/resource
[2019-11-14T08:31:26.096] [DEBUG] default - 开始美化html
[2019-11-14T08:31:26.113] [INFO] default - 判断html中的外链情况!
[2019-11-14T08:31:26.113] [DEBUG] default - 发现外链列表: ./static/css/owo.main.msghk8hji2l.css,./static/css/main.css,http://tools.people.com.cn/libs/swiper/2.0/idangerous.swiper.css,#,#,#,#,#,#,#,#,#,#,#,#,#,#,#,#,#,#,#,#,#,#,#,#,#,#,#,#,#,#,#,#,#,./static/resource/bg.jpg,http://www.people.com.cn/NMediaFile/2019/0618/MAIN201906181255181321992447490.jpg,http://www.people.com.cn/NMediaFile/2019/0618/MAIN201906181011409383792014803.jpg,http://www.people.com.cn/NMediaFile/2019/0618/MAIN201906181011411060153107563.jpg,./static/resource/swiper-previou.png,./static/resource/swiper-next.png,./static/resource/icon-1.png,./static/resource/icon-2.png,./static/resource/icon-4.png,./static/resource/icon-3.png,http://www.people.com.cn/NMediaFile/2019/1113/MAIN201911130948274118019863880.jpg,http://www.people.com.cn/NMediaFile/2019/1113/MAIN201911130855248094482452988.jpg,http://www.people.com.cn/NMediaFile/2019/1113/MAIN201911130855244937535482982.jpg,./static/resource/left-button.png,./static/resource/right-button.png,http://world.people.com.cn/NMediaFile/2019/0520/MAIN201905201936552622484187671.png,./static/resource/people-left-button.png,./static/resource/people-right-button.png,./static/resource/picture-left-button.png,./static/resource/picture-right-button.png,http://world.people.com.cn/NMediaFile/2019/0520/MAIN201905201936552622484187671.png,http://www.people.com.cn/NMediaFile/2019/1113/MAIN201911131704059428893394681.jpg,http://www.people.com.cn/NMediaFile/2019/1113/MAIN201911131704059428893394681.jpg,http://www.people.com.cn/NMediaFile/2019/1113/MAIN201911131704059428893394681.jpg,http://tools.people.com.cn/libs/jquery/1.11.1/jquery-1.11.1.min.js,http://tools.people.com.cn/libs/swiper/2.0/idangerous.swiper.min.js,./static/js/main.js,./static/js/owo.main.msghk8hji2l.js
[2019-11-14T08:31:26.114] [INFO] default - 显示外链情况!
[2019-11-14T08:31:26.117] [INFO] default - 文件夹不存在: D:\work\地方两会\dist\static\js
[2019-11-14T08:31:26.118] [INFO] default - 创建文件夹: D:\work\地方两会\dist\static\js
[2019-11-14T08:31:26.118] [DEBUG] default - 页面中不包含切换动画!
[2019-11-14T08:31:26.119] [INFO] default - 编译结束!
[2019-11-14T08:31:26.138] [INFO] default - 写入文件: D:\work\地方两会\dist\static\css\owo.main.msghk8hji2l.css
[2019-11-14T08:31:26.138] [INFO] default - 主要逻辑文件写出成功!
[2019-11-14T08:31:26.139] [INFO] default - 读取成功: D:\work\地方两会\src\main.css
[2019-11-14T08:31:26.139] [INFO] default - 读取成功: D:\work\地方两会\src\main.js
[2019-11-14T08:31:26.238] [INFO] default - 写入文件: D:\work\地方两会\dist\static\css\main.css
[2019-11-14T08:31:26.245] [INFO] default - 写入文件: D:\work\地方两会\dist\static\js\main.js
